#
# There is insufficient memory for the Java Runtime Environment to continue.
# Native memory allocation (malloc) failed to allocate 1565216 bytes for Chunk::new
# Possible reasons:
#   The system is out of physical RAM or swap space
#   In 32 bit mode, the process size limit was hit
# Possible solutions:
#   Reduce memory load on the system
#   Increase physical memory or swap space
#   Check if swap backing store is full
#   Use 64 bit Java on a 64 bit OS
#   Decrease Java heap size (-Xmx/-Xms)
#   Decrease number of Java threads
#   Decrease Java thread stack sizes (-Xss)
#   Set larger code cache with -XX:ReservedCodeCacheSize=
# This output file may be truncated or incomplete.
#
#  Out of Memory Error (allocation.cpp:390), pid=7644, tid=0x00000000000022ac
#
# JRE version: OpenJDK Runtime Environment (8.0_152-b01) (build 1.8.0_152-release-1248-b01)
# Java VM: OpenJDK 64-Bit Server VM (25.152-b01 mixed mode windows-amd64 compressed oops)
# Failed to write core dump. Minidumps are not enabled by default on client versions of Windows
#

---------------  T H R E A D  ---------------

Current thread (0x00000000168b9800):  JavaThread "C2 CompilerThread0" daemon [_thread_in_native, id=8876, stack(0x0000000017f20000,0x0000000018020000)]

Stack: [0x0000000017f20000,0x0000000018020000]
[error occurred during error reporting (printing stack bounds), id 0xc0000005]

Native frames: (J=compiled Java code, j=interpreted, Vv=VM code, C=native code)


Current CompileTask:
C2:3848704 22364 %     4       com.android.tools.r8.org.objectweb.asm.ClassReader::readCode @ 71 (5071 bytes)


---------------  P R O C E S S  ---------------

Java Threads: ( => current thread )
  0x000000001c5d1800 JavaThread "ForkJoinPool.commonPool-worker-1" daemon [_thread_blocked, id=7052, stack(0x000000002d7b0000,0x000000002d8b0000)]
  0x000000001c5ca000 JavaThread "ForkJoinPool.commonPool-worker-0" daemon [_thread_blocked, id=6280, stack(0x000000002d6b0000,0x000000002d7b0000)]
  0x000000001c5cf000 JavaThread "ForkJoinPool.commonPool-worker-3" daemon [_thread_blocked, id=7680, stack(0x000000002d5b0000,0x000000002d6b0000)]
  0x000000001c5cc000 JavaThread "stdout" [_thread_in_native, id=8604, stack(0x000000002d4b0000,0x000000002d5b0000)]
  0x000000001c5cd000 JavaThread "stderr" [_thread_in_native, id=7044, stack(0x000000002d3b0000,0x000000002d4b0000)]
  0x000000001c5c9000 JavaThread "pool-25-thread-1" [_thread_blocked, id=7492, stack(0x000000002d2b0000,0x000000002d3b0000)]
  0x000000001c5cb800 JavaThread "Cache worker for Build Output Cleanup Cache (C:\Users\Matija\AndroidStudioProjects\ShoppingHelper\.gradle\buildOutputCleanup)" [_thread_blocked, id=2776, stack(0x000000002d1b0000,0x000000002d2b0000)]
  0x0000000021315000 JavaThread "Cache worker for task history cache (C:\Users\Matija\AndroidStudioProjects\ShoppingHelper\.gradle\4.10.1\taskHistory)" [_thread_blocked, id=1048, stack(0x000000002d0b0000,0x000000002d1b0000)]
  0x0000000021314800 JavaThread "Task worker for ':' Thread 3" [_thread_blocked, id=2076, stack(0x000000002cfb0000,0x000000002d0b0000)]
  0x0000000021313800 JavaThread "Task worker for ':' Thread 2" [_thread_in_native, id=8612, stack(0x000000002ceb0000,0x000000002cfb0000)]
  0x0000000021310800 JavaThread "Task worker for ':'" [_thread_blocked, id=5816, stack(0x000000002cdb0000,0x000000002ceb0000)]
  0x0000000021312000 JavaThread "Cache worker for file content cache (C:\Users\Matija\AndroidStudioProjects\ShoppingHelper\.gradle\4.10.1\fileContent)" [_thread_blocked, id=6516, stack(0x000000002ccb0000,0x000000002cdb0000)]
  0x0000000021311800 JavaThread "Build operations Thread 4" [_thread_blocked, id=8912, stack(0x000000002cbb0000,0x000000002ccb0000)]
  0x0000000021309000 JavaThread "Build operations Thread 3" [_thread_blocked, id=3288, stack(0x000000002cab0000,0x000000002cbb0000)]
  0x000000002130f000 JavaThread "Build operations Thread 2" [_thread_blocked, id=2228, stack(0x000000002c9b0000,0x000000002cab0000)]
  0x000000002130e800 JavaThread "Build operations" [_thread_blocked, id=2504, stack(0x000000002c8b0000,0x000000002c9b0000)]
  0x0000000021307000 JavaThread "Cache worker for cache directory md-rule (C:\Users\Matija\.gradle\caches\4.10.1\md-rule)" [_thread_blocked, id=8384, stack(0x000000002c7b0000,0x000000002c8b0000)]
  0x000000002130d800 JavaThread "Cache worker for cache directory md-supplier (C:\Users\Matija\.gradle\caches\4.10.1\md-supplier)" [_thread_blocked, id=5484, stack(0x000000002c6b0000,0x000000002c7b0000)]
  0x0000000021308800 JavaThread "Cache worker for file hash cache (C:\Users\Matija\AndroidStudioProjects\ShoppingHelper\.gradle\4.10.1\fileHashes)" [_thread_blocked, id=5408, stack(0x000000002c5b0000,0x000000002c6b0000)]
  0x0000000021306000 JavaThread "Stdin handler" [_thread_blocked, id=8624, stack(0x000000002c4b0000,0x000000002c5b0000)]
  0x000000002130c000 JavaThread "Asynchronous log dispatcher for DefaultDaemonConnection: socket connection from /127.0.0.1:50951 to /127.0.0.1:51135" [_thread_blocked, id=1556, stack(0x000000002c3b0000,0x000000002c4b0000)]
  0x000000002130b800 JavaThread "Cancel handler" [_thread_blocked, id=5048, stack(0x000000002c2b0000,0x000000002c3b0000)]
  0x0000000021307800 JavaThread "Handler for socket connection from /127.0.0.1:50951 to /127.0.0.1:51135" [_thread_in_native, id=6060, stack(0x000000002c1b0000,0x000000002c2b0000)]
  0x000000001b40f000 JavaThread "Cache worker for Java compile cache (C:\Users\Matija\.gradle\caches\4.10.1\javaCompile)" [_thread_blocked, id=1564, stack(0x00000000295b0000,0x00000000296b0000)]
  0x000000001c5ce800 JavaThread "Cache worker for file content cache (C:\Users\Matija\.gradle\caches\4.10.1\fileContent)" [_thread_blocked, id=7076, stack(0x00000000284b0000,0x00000000285b0000)]
  0x0000000019e87800 JavaThread "Daemon worker Thread 3" [_thread_blocked, id=8004, stack(0x0000000027ab0000,0x0000000027bb0000)]
  0x0000000019e84800 JavaThread "Daemon Thread 3" [_thread_blocked, id=900, stack(0x00000000277b0000,0x00000000278b0000)]
  0x000000001c5d0000 JavaThread "Memory manager" [_thread_blocked, id=8896, stack(0x00000000230b0000,0x00000000231b0000)]
  0x0000000019e84000 JavaThread "Cache worker for Artifact transforms cache (C:\Users\Matija\.gradle\caches\transforms-1)" [_thread_blocked, id=8824, stack(0x0000000020160000,0x0000000020260000)]
  0x0000000019e87000 JavaThread "Cache worker for journal cache (C:\Users\Matija\.gradle\caches\journal-1)" [_thread_blocked, id=4316, stack(0x000000001d510000,0x000000001d610000)]
  0x0000000019c53000 JavaThread "File lock request listener" [_thread_in_native, id=780, stack(0x000000001c340000,0x000000001c440000)]
  0x0000000019c52000 JavaThread "Cache worker for file hash cache (C:\Users\Matija\.gradle\caches\4.10.1\fileHashes)" [_thread_blocked, id=8380, stack(0x000000001c240000,0x000000001c340000)]
  0x00000000196e1000 JavaThread "Daemon periodic checks" [_thread_blocked, id=612, stack(0x000000001a770000,0x000000001a870000)]
  0x0000000018837000 JavaThread "Incoming local TCP Connector on port 50951" [_thread_in_native, id=5620, stack(0x000000001a530000,0x000000001a630000)]
  0x000000001823a000 JavaThread "Service Thread" daemon [_thread_blocked, id=2892, stack(0x0000000018620000,0x0000000018720000)]
  0x00000000168f3800 JavaThread "C1 CompilerThread2" daemon [_thread_blocked, id=3376, stack(0x0000000018120000,0x0000000018220000)]
  0x00000000168bc800 JavaThread "C2 CompilerThread1" daemon [_thread_in_native, id=4172, stack(0x0000000018020000,0x0000000018120000)]
=>0x00000000168b9800 JavaThread "C2 CompilerThread0" daemon [_thread_in_native, id=8876, stack(0x0000000017f20000,0x0000000018020000)]
  0x00000000168c7000 JavaThread "Attach Listener" daemon [_thread_blocked, id=9024, stack(0x0000000017e20000,0x0000000017f20000)]
  0x00000000168c5800 JavaThread "Signal Dispatcher" daemon [_thread_blocked, id=764, stack(0x0000000017d20000,0x0000000017e20000)]
  0x0000000002f4b800 JavaThread "Finalizer" daemon [_thread_blocked, id=2844, stack(0x0000000017b20000,0x0000000017c20000)]
  0x0000000002f40800 JavaThread "Reference Handler" daemon [_thread_blocked, id=6016, stack(0x0000000017a20000,0x0000000017b20000)]
  0x000000000155d800 JavaThread "main" [_thread_blocked, id=4944, stack(0x0000000002d40000,0x0000000002e40000)]

Other Threads:
  0x0000000016888000 VMThread [stack: 0x0000000017920000,0x0000000017a20000] [id=4500]
  0x000000001823c000 WatcherThread [stack: 0x0000000018720000,0x0000000018820000] [id=4916]

VM state:not at safepoint (normal execution)

VM Mutex/Monitor currently owned by a thread: None

Heap:
 PSYoungGen      total 453120K, used 359964K [0x00000000e0000000, 0x0000000100000000, 0x0000000100000000)
  eden space 424960K, 79% used [0x00000000e0000000,0x00000000f4bfc458,0x00000000f9f00000)
  from space 28160K, 71% used [0x00000000f9f00000,0x00000000fb28adc0,0x00000000fba80000)
  to   space 30208K, 0% used [0x00000000fe280000,0x00000000fe280000,0x0000000100000000)
 ParOldGen       total 171008K, used 50610K [0x00000000a0000000, 0x00000000aa700000, 0x00000000e0000000)
  object space 171008K, 29% used [0x00000000a0000000,0x00000000a316c820,0x00000000aa700000)
 Metaspace       used 97422K, capacity 101055K, committed 101888K, reserved 1138688K
  class space    used 12151K, capacity 12858K, committed 13056K, reserved 1048576K

Card table byte_map: [0x0000000012310000,0x0000000012620000] byte_map_base: 0x0000000011e10000

Marking Bits: (ParMarkBitMap*) 0x0000000067415aa0
 Begin Bits: [0x0000000012c20000, 0x0000000014420000)
 End Bits:   [0x0000000014420000, 0x0000000015c20000)

Polling page: 0x00000000014c0000

CodeCache: size=245760Kb used=59702Kb max_used=59779Kb free=186057Kb
 bounds [0x0000000002f50000, 0x0000000006a10000, 0x0000000011f50000]
 total_blobs=19103 nmethods=18194 adapters=819
 compilation: enabled

Compilation events (10 events):
Event: 3848.045 Thread 0x00000000168b9800 nmethod 22369% 0x0000000004c29c90 code [0x0000000004c29de0, 0x0000000004c2a0f8]
Event: 3848.045 Thread 0x00000000168b9800 22373       4       com.android.tools.r8.ir.code.IRCode::traceBlocks (243 bytes)
Event: 3848.059 Thread 0x00000000168bc800 nmethod 22347 0x00000000040e1590 code [0x00000000040e1880, 0x00000000040e3520]
Event: 3848.059 Thread 0x00000000168bc800 22379 %     4       com.android.tools.r8.ir.optimize.CodeRewriter::simplifyDebugLocals @ 8 (375 bytes)
Event: 3848.088 Thread 0x00000000168b9800 nmethod 22373 0x00000000040e6ad0 code [0x00000000040e6ce0, 0x00000000040e7aa8]
Event: 3848.088 Thread 0x00000000168b9800 22364 %     4       com.android.tools.r8.org.objectweb.asm.ClassReader::readCode @ 71 (5071 bytes)
Event: 3848.464 Thread 0x00000000168f3800 22456 %     3       com.android.tools.r8.ir.optimize.CodeRewriter::collapsNonFallthroughSwitchTargets @ 24 (143 bytes)
Event: 3848.466 Thread 0x00000000168f3800 nmethod 22456% 0x00000000040ec890 code [0x00000000040ecb60, 0x00000000040ee0a8]
Event: 3848.563 Thread 0x00000000168f3800 22464       2       com.google.gson.stream.JsonWriter::value (28 bytes)
Event: 3848.563 Thread 0x00000000168f3800 nmethod 22464 0x00000000040e1090 code [0x00000000040e1220, 0x00000000040e1478]

GC Heap History (10 events):
Event: 3777.701 GC heap before
{Heap before GC invocations=31 (full 4):
 PSYoungGen      total 362496K, used 348506K [0x00000000e0000000, 0x00000000f7e00000, 0x0000000100000000)
  eden space 344064K, 100% used [0x00000000e0000000,0x00000000f5000000,0x00000000f5000000)
  from space 18432K, 24% used [0x00000000f6c00000,0x00000000f7056b40,0x00000000f7e00000)
  to   space 23552K, 0% used [0x00000000f5000000,0x00000000f5000000,0x00000000f6700000)
 ParOldGen       total 171008K, used 46674K [0x00000000a0000000, 0x00000000aa700000, 0x00000000e0000000)
  object space 171008K, 27% used [0x00000000a0000000,0x00000000a2d94858,0x00000000aa700000)
 Metaspace       used 94592K, capacity 97623K, committed 99328K, reserved 1136640K
  class space    used 11828K, capacity 12462K, committed 12800K, reserved 1048576K
Event: 3777.716 GC heap after
Heap after GC invocations=31 (full 4):
 PSYoungGen      total 367616K, used 4661K [0x00000000e0000000, 0x00000000fad80000, 0x0000000100000000)
  eden space 344064K, 0% used [0x00000000e0000000,0x00000000e0000000,0x00000000f5000000)
  from space 23552K, 19% used [0x00000000f5000000,0x00000000f548d6a0,0x00000000f6700000)
  to   space 23552K, 0% used [0x00000000f9680000,0x00000000f9680000,0x00000000fad80000)
 ParOldGen       total 171008K, used 46674K [0x00000000a0000000, 0x00000000aa700000, 0x00000000e0000000)
  object space 171008K, 27% used [0x00000000a0000000,0x00000000a2d94858,0x00000000aa700000)
 Metaspace       used 94592K, capacity 97623K, committed 99328K, reserved 1136640K
  class space    used 11828K, capacity 12462K, committed 12800K, reserved 1048576K
}
Event: 3779.944 GC heap before
{Heap before GC invocations=32 (full 4):
 PSYoungGen      total 367616K, used 348725K [0x00000000e0000000, 0x00000000fad80000, 0x0000000100000000)
  eden space 344064K, 100% used [0x00000000e0000000,0x00000000f5000000,0x00000000f5000000)
  from space 23552K, 19% used [0x00000000f5000000,0x00000000f548d6a0,0x00000000f6700000)
  to   space 23552K, 0% used [0x00000000f9680000,0x00000000f9680000,0x00000000fad80000)
 ParOldGen       total 171008K, used 46674K [0x00000000a0000000, 0x00000000aa700000, 0x00000000e0000000)
  object space 171008K, 27% used [0x00000000a0000000,0x00000000a2d94858,0x00000000aa700000)
 Metaspace       used 94680K, capacity 97689K, committed 99584K, reserved 1136640K
  class space    used 11834K, capacity 12463K, committed 12800K, reserved 1048576K
Event: 3779.953 GC heap after
Heap after GC invocations=32 (full 4):
 PSYoungGen      total 402944K, used 2937K [0x00000000e0000000, 0x00000000fa680000, 0x0000000100000000)
  eden space 386560K, 0% used [0x00000000e0000000,0x00000000e0000000,0x00000000f7980000)
  from space 16384K, 17% used [0x00000000f9680000,0x00000000f995e630,0x00000000fa680000)
  to   space 23040K, 0% used [0x00000000f7980000,0x00000000f7980000,0x00000000f9000000)
 ParOldGen       total 171008K, used 46674K [0x00000000a0000000, 0x00000000aa700000, 0x00000000e0000000)
  object space 171008K, 27% used [0x00000000a0000000,0x00000000a2d94858,0x00000000aa700000)
 Metaspace       used 94680K, capacity 97689K, committed 99584K, reserved 1136640K
  class space    used 11834K, capacity 12463K, committed 12800K, reserved 1048576K
}
Event: 3782.123 GC heap before
{Heap before GC invocations=33 (full 4):
 PSYoungGen      total 402944K, used 389497K [0x00000000e0000000, 0x00000000fa680000, 0x0000000100000000)
  eden space 386560K, 100% used [0x00000000e0000000,0x00000000f7980000,0x00000000f7980000)
  from space 16384K, 17% used [0x00000000f9680000,0x00000000f995e630,0x00000000fa680000)
  to   space 23040K, 0% used [0x00000000f7980000,0x00000000f7980000,0x00000000f9000000)
 ParOldGen       total 171008K, used 46674K [0x00000000a0000000, 0x00000000aa700000, 0x00000000e0000000)
  object space 171008K, 27% used [0x00000000a0000000,0x00000000a2d94858,0x00000000aa700000)
 Metaspace       used 94964K, capacity 98003K, committed 99968K, reserved 1136640K
  class space    used 11864K, capacity 12502K, committed 12928K, reserved 1048576K
Event: 3782.141 GC heap after
Heap after GC invocations=33 (full 4):
 PSYoungGen      total 409600K, used 2831K [0x00000000e0000000, 0x00000000fd100000, 0x0000000100000000)
  eden space 386560K, 0% used [0x00000000e0000000,0x00000000e0000000,0x00000000f7980000)
  from space 23040K, 12% used [0x00000000f7980000,0x00000000f7c43de8,0x00000000f9000000)
  to   space 23040K, 0% used [0x00000000fba80000,0x00000000fba80000,0x00000000fd100000)
 ParOldGen       total 171008K, used 46674K [0x00000000a0000000, 0x00000000aa700000, 0x00000000e0000000)
  object space 171008K, 27% used [0x00000000a0000000,0x00000000a2d94858,0x00000000aa700000)
 Metaspace       used 94964K, capacity 98003K, committed 99968K, reserved 1136640K
  class space    used 11864K, capacity 12502K, committed 12928K, reserved 1048576K
}
Event: 3785.354 GC heap before
{Heap before GC invocations=34 (full 4):
 PSYoungGen      total 409600K, used 389391K [0x00000000e0000000, 0x00000000fd100000, 0x0000000100000000)
  eden space 386560K, 100% used [0x00000000e0000000,0x00000000f7980000,0x00000000f7980000)
  from space 23040K, 12% used [0x00000000f7980000,0x00000000f7c43de8,0x00000000f9000000)
  to   space 23040K, 0% used [0x00000000fba80000,0x00000000fba80000,0x00000000fd100000)
 ParOldGen       total 171008K, used 46674K [0x00000000a0000000, 0x00000000aa700000, 0x00000000e0000000)
  object space 171008K, 27% used [0x00000000a0000000,0x00000000a2d94858,0x00000000aa700000)
 Metaspace       used 95398K, capacity 98533K, committed 100224K, reserved 1136640K
  class space    used 11903K, capacity 12553K, committed 12928K, reserved 1048576K
Event: 3785.382 GC heap after
Heap after GC invocations=34 (full 4):
 PSYoungGen      total 448000K, used 23023K [0x00000000e0000000, 0x00000000fd780000, 0x0000000100000000)
  eden space 424960K, 0% used [0x00000000e0000000,0x00000000e0000000,0x00000000f9f00000)
  from space 23040K, 99% used [0x00000000fba80000,0x00000000fd0fbc48,0x00000000fd100000)
  to   space 28160K, 0% used [0x00000000f9f00000,0x00000000f9f00000,0x00000000fba80000)
 ParOldGen       total 171008K, used 50506K [0x00000000a0000000, 0x00000000aa700000, 0x00000000e0000000)
  object space 171008K, 29% used [0x00000000a0000000,0x00000000a3152820,0x00000000aa700000)
 Metaspace       used 95398K, capacity 98533K, committed 100224K, reserved 1136640K
  class space    used 11903K, capacity 12553K, committed 12928K, reserved 1048576K
}
Event: 3789.738 GC heap before
{Heap before GC invocations=35 (full 4):
 PSYoungGen      total 448000K, used 447561K [0x00000000e0000000, 0x00000000fd780000, 0x0000000100000000)
  eden space 424960K, 99% used [0x00000000e0000000,0x00000000f9e96ab0,0x00000000f9f00000)
  from space 23040K, 99% used [0x00000000fba80000,0x00000000fd0fbc48,0x00000000fd100000)
  to   space 28160K, 0% used [0x00000000f9f00000,0x00000000f9f00000,0x00000000fba80000)
 ParOldGen       total 171008K, used 50506K [0x00000000a0000000, 0x00000000aa700000, 0x00000000e0000000)
  object space 171008K, 29% used [0x00000000a0000000,0x00000000a3152820,0x00000000aa700000)
 Metaspace       used 95899K, capacity 98999K, committed 100480K, reserved 1136640K
  class space    used 11948K, capacity 12586K, committed 12928K, reserved 1048576K
Event: 3789.767 GC heap after
Heap after GC invocations=35 (full 4):
 PSYoungGen      total 453120K, used 20011K [0x00000000e0000000, 0x0000000100000000, 0x0000000100000000)
  eden space 424960K, 0% used [0x00000000e0000000,0x00000000e0000000,0x00000000f9f00000)
  from space 28160K, 71% used [0x00000000f9f00000,0x00000000fb28adc0,0x00000000fba80000)
  to   space 30208K, 0% used [0x00000000fe280000,0x00000000fe280000,0x0000000100000000)
 ParOldGen       total 171008K, used 50610K [0x00000000a0000000, 0x00000000aa700000, 0x00000000e0000000)
  object space 171008K, 29% used [0x00000000a0000000,0x00000000a316c820,0x00000000aa700000)
 Metaspace       used 95899K, capacity 98999K, committed 100480K, reserved 1136640K
  class space    used 11948K, capacity 12586K, committed 12928K, reserved 1048576K
}

Deoptimization events (10 events):
Event: 3839.705 Thread 0x0000000019e87800 Uncommon trap: reason=unstable_if action=reinterpret pc=0x000000000545f710 method=com.google.common.collect.ImmutableSortedSet.emptySet(Ljava/util/Comparator;)Lcom/google/common/collect/ImmutableSortedSet; @ 9
Event: 3840.054 Thread 0x0000000019e87800 Uncommon trap: reason=null_check action=make_not_entrant pc=0x00000000033150a0 method=org.gradle.api.internal.collections.CollectionFilter.filter(Ljava/lang/Object;)Ljava/lang/Object; @ 5
Event: 3840.528 Thread 0x0000000019e87800 Uncommon trap: reason=bimorphic action=maybe_recompile pc=0x0000000005b2acdc method=com.google.common.cache.LocalCache$Segment.storeLoadedValue(Ljava/lang/Object;ILcom/google/common/cache/LocalCache$LoadingValueReference;Ljava/lang/Object;)Z @ 286
Event: 3841.244 Thread 0x0000000019e87800 Uncommon trap: reason=array_check action=maybe_recompile pc=0x000000000684d10c method=java.util.TimSort.reverseRange([Ljava/lang/Object;II)V @ 27
Event: 3841.936 Thread 0x0000000021310800 Uncommon trap: reason=array_check action=maybe_recompile pc=0x000000000684d10c method=java.util.TimSort.reverseRange([Ljava/lang/Object;II)V @ 27
Event: 3845.306 Thread 0x0000000019e87800 Uncommon trap: reason=class_check action=maybe_recompile pc=0x00000000049aa2b0 method=org.gradle.api.internal.file.pattern.PatternMatcherFactory$PathMatcherBackedSpec.isSatisfiedBy(Lorg/gradle/api/file/RelativePath;)Z @ 23
Event: 3845.819 Thread 0x0000000021314800 Uncommon trap: reason=null_check action=make_not_entrant pc=0x000000000689cef0 method=org.gradle.api.internal.AbstractClassGenerator.generateUnderLock(Ljava/lang/Class;)Ljava/lang/Class; @ 430
Event: 3847.641 Thread 0x0000000021314800 Uncommon trap: reason=bimorphic action=maybe_recompile pc=0x000000000421a530 method=org.gradle.api.internal.changedetection.state.AbstractScalarValueSnapshot.equals(Ljava/lang/Object;)Z @ 37
Event: 3847.692 Thread 0x0000000021313800 Uncommon trap: reason=bimorphic action=maybe_recompile pc=0x000000000421a530 method=org.gradle.api.internal.changedetection.state.AbstractScalarValueSnapshot.equals(Ljava/lang/Object;)Z @ 37
Event: 3847.846 Thread 0x0000000021313800 Uncommon trap: reason=unstable_if action=reinterpret pc=0x0000000006a00064 method=org.gradle.api.internal.changedetection.state.mirror.MirrorUpdatingDirectoryWalker$1.isAllowed(Ljava/nio/file/Path;Ljava/lang/String;ZLjava/nio/file/attribute/BasicFileAttri

Classes redefined (0 events):
No events

Internal exceptions (10 events):
Event: 3839.649 Thread 0x0000000019e87800 Exception <a 'java/lang/NoSuchMethodError': <clinit>> (0x00000000eb6d8600) thrown at [D:\src\AOSP-openjdk-cygwin\jdk8u\hotspot\src\share\vm\prims\jni.cpp, line 1613]
Event: 3839.649 Thread 0x0000000019e87800 Exception <a 'java/lang/NoSuchMethodError': <clinit>> (0x00000000eb6da108) thrown at [D:\src\AOSP-openjdk-cygwin\jdk8u\hotspot\src\share\vm\prims\jni.cpp, line 1613]
Event: 3839.649 Thread 0x0000000019e87800 Exception <a 'java/lang/NoSuchMethodError': <clinit>> (0x00000000eb6db8d8) thrown at [D:\src\AOSP-openjdk-cygwin\jdk8u\hotspot\src\share\vm\prims\jni.cpp, line 1613]
Event: 3839.650 Thread 0x0000000019e87800 Exception <a 'java/lang/NoSuchMethodError': <clinit>> (0x00000000eb6dcf58) thrown at [D:\src\AOSP-openjdk-cygwin\jdk8u\hotspot\src\share\vm\prims\jni.cpp, line 1613]
Event: 3839.658 Thread 0x0000000019e87800 Implicit null exception at 0x000000000372f654 to 0x00000000037300c9
Event: 3839.659 Thread 0x0000000019e87800 Implicit null exception at 0x0000000003477063 to 0x00000000034776d1
Event: 3839.980 Thread 0x0000000019e87800 Exception <a 'sun/nio/fs/WindowsException'> (0x00000000ec893230) thrown at [D:\src\AOSP-openjdk-cygwin\jdk8u\hotspot\src\share\vm\prims\jni.cpp, line 709]
Event: 3840.054 Thread 0x0000000019e87800 Implicit null exception at 0x0000000003314f5f to 0x000000000331508d
Event: 3848.030 Thread 0x000000001c5d1800 Exception <a 'sun/nio/fs/WindowsException'> (0x00000000f373ab68) thrown at [D:\src\AOSP-openjdk-cygwin\jdk8u\hotspot\src\share\vm\prims\jni.cpp, line 709]
Event: 3848.538 Thread 0x000000001c5d1800 Exception <a 'sun/nio/fs/WindowsException'> (0x00000000f49ae438) thrown at [D:\src\AOSP-openjdk-cygwin\jdk8u\hotspot\src\share\vm\prims\jni.cpp, line 709]

Events (10 events):
Event: 3847.967 Thread 0x0000000021313800 DEOPT PACKING pc=0x0000000003404e2e sp=0x000000002cfac620
Event: 3847.967 Thread 0x0000000021313800 DEOPT UNPACKING pc=0x0000000002f975d0 sp=0x000000002cfac430 mode 0
Event: 3848.039 loading class com/android/tools/r8/it/unimi/dsi/fastutil/ints/Int2ReferenceOpenHashMap$1
Event: 3848.039 loading class com/android/tools/r8/it/unimi/dsi/fastutil/ints/Int2ReferenceOpenHashMap$1 done
Event: 3848.100 Thread 0x000000001c5d1800 DEOPT PACKING pc=0x00000000065136bf sp=0x000000002d8adc80
Event: 3848.100 Thread 0x000000001c5d1800 DEOPT UNPACKING pc=0x0000000002f975d0 sp=0x000000002d8ada38 mode 0
Event: 3848.101 loading class com/android/tools/r8/ir/conversion/IRBuilder$1
Event: 3848.101 loading class com/android/tools/r8/ir/conversion/IRBuilder$1 done
Event: 3848.203 Thread 0x000000001c5d1800 DEOPT PACKING pc=0x0000000006506edb sp=0x000000002d8ae650
Event: 3848.203 Thread 0x000000001c5d1800 DEOPT UNPACKING pc=0x0000000002f975d0 sp=0x000000002d8ae390 mode 0


Dynamic libraries:
0x00007ff7c86e0000 - 0x00007ff7c8711000 	C:\Program Files\Android\Android Studio\jre\bin\java.exe
0x00007ff8530b0000 - 0x00007ff85329d000 	C:\WINDOWS\SYSTEM32\ntdll.dll
0x00007ff8526a0000 - 0x00007ff852753000 	C:\WINDOWS\System32\KERNEL32.DLL
0x00007ff84f5a0000 - 0x00007ff84f833000 	C:\WINDOWS\System32\KERNELBASE.dll
0x00007ff852db0000 - 0x00007ff852e53000 	C:\WINDOWS\System32\ADVAPI32.dll
0x00007ff8527e0000 - 0x00007ff85287e000 	C:\WINDOWS\System32\msvcrt.dll
0x00007ff8524b0000 - 0x00007ff85254e000 	C:\WINDOWS\System32\sechost.dll
0x00007ff852550000 - 0x00007ff852672000 	C:\WINDOWS\System32\RPCRT4.dll
0x00007ff852c10000 - 0x00007ff852da7000 	C:\WINDOWS\System32\USER32.dll
0x00007ff84f320000 - 0x00007ff84f340000 	C:\WINDOWS\System32\win32u.dll
0x00007ff852f20000 - 0x00007ff852f49000 	C:\WINDOWS\System32\GDI32.dll
0x00007ff84f840000 - 0x00007ff84f9da000 	C:\WINDOWS\System32\gdi32full.dll
0x00007ff84f180000 - 0x00007ff84f220000 	C:\WINDOWS\System32\msvcp_win.dll
0x00007ff84f220000 - 0x00007ff84f31a000 	C:\WINDOWS\System32\ucrtbase.dll
0x00007ff841870000 - 0x00007ff841ae9000 	C:\WINDOWS\WinSxS\amd64_microsoft.windows.common-controls_6595b64144ccf1df_6.0.17763.437_none_05b63dca071e5dd6\COMCTL32.dll
0x00007ff8505f0000 - 0x00007ff85091c000 	C:\WINDOWS\System32\combase.dll
0x00007ff84f520000 - 0x00007ff84f59e000 	C:\WINDOWS\System32\bcryptPrimitives.dll
0x00007ff8505c0000 - 0x00007ff8505ee000 	C:\WINDOWS\System32\IMM32.DLL
0x0000000066b70000 - 0x0000000066c42000 	C:\Program Files\Android\Android Studio\jre\jre\bin\msvcr100.dll
0x0000000066c50000 - 0x0000000067491000 	C:\Program Files\Android\Android Studio\jre\jre\bin\server\jvm.dll
0x00007ff8502e0000 - 0x00007ff8502e8000 	C:\WINDOWS\System32\PSAPI.DLL
0x00007ff84d270000 - 0x00007ff84d294000 	C:\WINDOWS\SYSTEM32\WINMM.dll
0x00007ff84b520000 - 0x00007ff84b529000 	C:\WINDOWS\SYSTEM32\WSOCK32.dll
0x00007ff844250000 - 0x00007ff84425a000 	C:\WINDOWS\SYSTEM32\VERSION.dll
0x00007ff852960000 - 0x00007ff8529cd000 	C:\WINDOWS\System32\WS2_32.dll
0x00007ff84d210000 - 0x00007ff84d23d000 	C:\WINDOWS\SYSTEM32\WINMMBASE.dll
0x00007ff84fb20000 - 0x00007ff84fb6a000 	C:\WINDOWS\System32\cfgmgr32.dll
0x00007ff848b10000 - 0x00007ff848b1f000 	C:\Program Files\Android\Android Studio\jre\jre\bin\verify.dll
0x00007ff8459c0000 - 0x00007ff8459e9000 	C:\Program Files\Android\Android Studio\jre\jre\bin\java.dll
0x00007ff8458d0000 - 0x00007ff8458e6000 	C:\Program Files\Android\Android Studio\jre\jre\bin\zip.dll
0x00007ff850e50000 - 0x00007ff852340000 	C:\WINDOWS\System32\SHELL32.dll
0x00007ff850da0000 - 0x00007ff850e48000 	C:\WINDOWS\System32\shcore.dll
0x00007ff84fb90000 - 0x00007ff8502da000 	C:\WINDOWS\System32\windows.storage.dll
0x00007ff84f130000 - 0x00007ff84f154000 	C:\WINDOWS\System32\profapi.dll
0x00007ff84f0d0000 - 0x00007ff84f12d000 	C:\WINDOWS\System32\powrprof.dll
0x00007ff852e60000 - 0x00007ff852eb2000 	C:\WINDOWS\System32\shlwapi.dll
0x00007ff84f0b0000 - 0x00007ff84f0c1000 	C:\WINDOWS\System32\kernel.appcore.dll
0x00007ff84fb70000 - 0x00007ff84fb87000 	C:\WINDOWS\System32\cryptsp.dll
0x00007ff841050000 - 0x00007ff84106a000 	C:\Program Files\Android\Android Studio\jre\jre\bin\net.dll
0x00007ff84e8d0000 - 0x00007ff84e937000 	C:\WINDOWS\system32\mswsock.dll
0x00007ff840fc0000 - 0x00007ff840fd1000 	C:\Program Files\Android\Android Studio\jre\jre\bin\nio.dll
0x00007ff845c60000 - 0x00007ff845c7e000 	C:\Users\Matija\.gradle\native\25\windows-amd64\native-platform.dll
0x00007ff84bb90000 - 0x00007ff84bb9d000 	C:\Program Files\Android\Android Studio\jre\jre\bin\management.dll
0x00007ff84e490000 - 0x00007ff84e4c3000 	C:\WINDOWS\system32\rsaenh.dll
0x00007ff84f9e0000 - 0x00007ff84fa06000 	C:\WINDOWS\System32\bcrypt.dll
0x00007ff84efe0000 - 0x00007ff84f008000 	C:\WINDOWS\SYSTEM32\USERENV.dll
0x00007ff84eaa0000 - 0x00007ff84eaac000 	C:\WINDOWS\SYSTEM32\CRYPTBASE.dll
0x00007ff84e630000 - 0x00007ff84e66d000 	C:\WINDOWS\SYSTEM32\IPHLPAPI.DLL
0x00007ff852880000 - 0x00007ff852888000 	C:\WINDOWS\System32\NSI.dll
0x00007ff841840000 - 0x00007ff841856000 	C:\WINDOWS\SYSTEM32\dhcpcsvc6.DLL
0x00007ff841de0000 - 0x00007ff841dfc000 	C:\WINDOWS\SYSTEM32\dhcpcsvc.DLL
0x00007ff84e670000 - 0x00007ff84e736000 	C:\WINDOWS\SYSTEM32\DNSAPI.dll
0x00007ff83ef60000 - 0x00007ff83ef84000 	C:\Program Files\Android\Android Studio\jre\jre\bin\sunec.dll
0x00007ff83f5a0000 - 0x00007ff83f5aa000 	C:\Windows\System32\rasadhlp.dll
0x00007ff842390000 - 0x00007ff842409000 	C:\WINDOWS\System32\fwpuclnt.dll
0x00007ff8417b0000 - 0x00007ff8417bb000 	C:\Program Files\Android\Android Studio\jre\jre\bin\sunmscapi.dll
0x00007ff84f340000 - 0x00007ff84f51b000 	C:\WINDOWS\System32\CRYPT32.dll
0x00007ff84f160000 - 0x00007ff84f172000 	C:\WINDOWS\System32\MSASN1.dll
0x00007ff84e170000 - 0x00007ff84e1a1000 	C:\WINDOWS\SYSTEM32\ntmarta.dll

VM Arguments:
jvm_args: -Xmx1536m -Dfile.encoding=windows-1252 -Duser.country=US -Duser.language=en -Duser.variant 
java_command: org.gradle.launcher.daemon.bootstrap.GradleDaemon 4.10.1
java_class_path (initial): C:\Users\Matija\.gradle\wrapper\dists\gradle-4.10.1-all\455itskqi2qtf0v2sja68alqd\gradle-4.10.1\lib\gradle-launcher-4.10.1.jar
Launcher Type: SUN_STANDARD

Environment Variables:
PATH=C:\Program Files (x86)\NVIDIA Corporation\PhysX\Common;C:\WINDOWS\system32;C:\WINDOWS;C:\WINDOWS\System32\Wbem;C:\WINDOWS\System32\WindowsPowerShell\v1.0\;C:\WINDOWS\System32\OpenSSH\;C:\Program Files (x86)\ATI Technologies\ATI.ACE\Core-Static;C:\Program Files (x86)\AMD\ATI.ACE\Core-Static;C:\Program Files\dotnet\;C:\Program Files\Microsoft SQL Server\130\Tools\Binn\;C:\Program Files\nodejs\;C:\Program Files\Git\cmd;C:\xampp\php;C:\composer;C:\Users\Matija\AppData\Local\Programs\Python\Python37\Scripts\;C:\Users\Matija\AppData\Local\Programs\Python\Python37\;C:\Users\Matija\AppData\Local\Microsoft\WindowsApps;;C:\Users\Matija\AppData\Local\Programs\Microsoft VS Code\bin;C:\Users\Matija\AppData\Roaming\npm;C:\Users\Matija\AppData\Roaming\Composer\vendor\bin
USERNAME=Matija
OS=Windows_NT
PROCESSOR_IDENTIFIER=Intel64 Family 6 Model 58 Stepping 9, GenuineIntel



---------------  S Y S T E M  ---------------

OS: Windows 10.0 , 64 bit Build 17763 (10.0.17763.437)

CPU:total 4 (initial active 4) (2 cores per cpu, 2 threads per core) family 6 model 58 stepping 9, cmov, cx8, fxsr, mmx, sse, sse2, sse3, ssse3, sse4.1, sse4.2, popcnt, avx, aes, clmul, erms, ht, tsc, tscinvbit, tscinv

Memory: 4k page, physical 8284520k(972372k free), swap 8284520k(2132k free)

vm_info: OpenJDK 64-Bit Server VM (25.152-b01) for windows-amd64 JRE (1.8.0_152-release-1248-b01), built by "builder" with MS VC++ 10.0 (VS2010)

time: Thu May 02 21:51:29 2019
elapsed time: 3848 seconds (0d 1h 4m 8s)

